2020-10-03 00:20:28.512  INFO 46781 --- [main] c.fertigApp.backend.BackendApplication   : No active profile set, falling back to default profiles: default
2020-10-03 00:20:29.081  INFO 46781 --- [main] .s.d.r.c.RepositoryConfigurationDelegate : Bootstrapping Spring Data JPA repositories in DEFERRED mode.
2020-10-03 00:20:29.134  INFO 46781 --- [main] .s.d.r.c.RepositoryConfigurationDelegate : Finished Spring Data repository scanning in 41ms. Found 5 JPA repository interfaces.
2020-10-03 00:20:29.273  INFO 46781 --- [main] o.s.cloud.context.scope.GenericScope     : BeanFactory id=1e1ff6c3-29b2-31ae-afee-a7a0c77374f4
2020-10-03 00:20:29.467  INFO 46781 --- [main] o.s.b.w.embedded.tomcat.TomcatWebServer  : Tomcat initialized with port(s): 8090 (http)
2020-10-03 00:20:29.471  INFO 46781 --- [main] o.apache.catalina.core.StandardService   : Starting service [Tomcat]
2020-10-03 00:20:29.471  INFO 46781 --- [main] org.apache.catalina.core.StandardEngine  : Starting Servlet engine: [Apache Tomcat/9.0.38]
2020-10-03 00:20:29.544  INFO 46781 --- [main] o.a.c.c.C.[Tomcat].[localhost].[/]       : Initializing Spring embedded WebApplicationContext
2020-10-03 00:20:29.544  INFO 46781 --- [main] w.s.c.ServletWebServerApplicationContext : Root WebApplicationContext: initialization completed in 1021 ms
2020-10-03 00:20:29.722  INFO 46781 --- [main] o.s.s.concurrent.ThreadPoolTaskExecutor  : Initializing ExecutorService 'applicationTaskExecutor'
2020-10-03 00:20:29.744  INFO 46781 --- [task-1] o.hibernate.jpa.internal.util.LogHelper  : HHH000204: Processing PersistenceUnitInfo [name: default]
2020-10-03 00:20:29.774  WARN 46781 --- [main] JpaBaseConfiguration$JpaWebConfiguration : spring.jpa.open-in-view is enabled by default. Therefore, database queries may be performed during view rendering. Explicitly configure spring.jpa.open-in-view to disable this warning
2020-10-03 00:20:29.777  INFO 46781 --- [task-1] org.hibernate.Version                    : HHH000412: Hibernate ORM core version 5.4.21.Final
2020-10-03 00:20:29.845  INFO 46781 --- [task-1] o.hibernate.annotations.common.Version   : HCANN000001: Hibernate Commons Annotations {5.1.0.Final}
2020-10-03 00:20:30.671  INFO 46781 --- [task-1] org.hibernate.dialect.Dialect            : HHH000400: Using dialect: org.hibernate.dialect.MySQL8Dialect
2020-10-03 00:20:32.762  INFO 46781 --- [task-1] o.h.e.t.j.p.i.JtaPlatformInitiator       : HHH000490: Using JtaPlatform implementation: [org.hibernate.engine.transaction.jta.platform.internal.NoJtaPlatform]
2020-10-03 00:20:32.774  INFO 46781 --- [task-1] j.LocalContainerEntityManagerFactoryBean : Initialized JPA EntityManagerFactory for persistence unit 'default'
2020-10-03 00:20:34.100  INFO 46781 --- [main] o.s.s.web.DefaultSecurityFilterChain     : Creating filter chain: Ant [pattern='/**', OPTIONS], []
2020-10-03 00:20:34.124  INFO 46781 --- [main] o.s.s.web.DefaultSecurityFilterChain     : Creating filter chain: OrRequestMatcher [requestMatchers=[Ant [pattern='/oauth/token'], Ant [pattern='/oauth/token_key'], Ant [pattern='/oauth/check_token']]], [org.springframework.security.web.context.request.async.WebAsyncManagerIntegrationFilter@58bad46f, org.springframework.security.web.context.SecurityContextPersistenceFilter@45fb2354, org.springframework.security.web.header.HeaderWriterFilter@523abba9, org.springframework.security.web.authentication.logout.LogoutFilter@42503099, org.springframework.security.web.authentication.www.BasicAuthenticationFilter@732d078d, org.springframework.security.web.savedrequest.RequestCacheAwareFilter@5996d6f2, org.springframework.security.web.servletapi.SecurityContextHolderAwareRequestFilter@6a902015, org.springframework.security.web.authentication.AnonymousAuthenticationFilter@7c0e4e4e, org.springframework.security.web.session.SessionManagementFilter@6c66ddab, org.springframework.security.web.access.ExceptionTranslationFilter@1e6cb932, org.springframework.security.web.access.intercept.FilterSecurityInterceptor@2c1ea7be]
2020-10-03 00:20:34.132  INFO 46781 --- [main] o.s.s.web.DefaultSecurityFilterChain     : Creating filter chain: OrRequestMatcher [requestMatchers=[Ant [pattern='/tasks/getTasks'], Ant [pattern='/users/get']]], [org.springframework.security.web.context.request.async.WebAsyncManagerIntegrationFilter@460eb276, org.springframework.security.web.context.SecurityContextPersistenceFilter@df9d400, org.springframework.security.web.header.HeaderWriterFilter@f3876ef, org.springframework.security.web.authentication.logout.LogoutFilter@4cc4d454, org.springframework.security.oauth2.provider.authentication.OAuth2AuthenticationProcessingFilter@25464154, org.springframework.security.web.savedrequest.RequestCacheAwareFilter@4ec427, org.springframework.security.web.servletapi.SecurityContextHolderAwareRequestFilter@4c8d45cf, org.springframework.security.web.authentication.AnonymousAuthenticationFilter@4ffe3d42, org.springframework.security.web.session.SessionManagementFilter@6b751cb1, org.springframework.security.web.access.ExceptionTranslationFilter@342723a3, org.springframework.security.web.access.intercept.FilterSecurityInterceptor@7d7d8911]
2020-10-03 00:20:34.134  INFO 46781 --- [main] o.s.s.web.DefaultSecurityFilterChain     : Creating filter chain: any request, [org.springframework.security.web.context.request.async.WebAsyncManagerIntegrationFilter@116fc29e, org.springframework.security.web.context.SecurityContextPersistenceFilter@49e62b17, org.springframework.security.web.header.HeaderWriterFilter@2f6f4ac4, org.springframework.security.web.authentication.logout.LogoutFilter@19ac93d2, org.springframework.security.web.savedrequest.RequestCacheAwareFilter@288409f0, org.springframework.security.web.servletapi.SecurityContextHolderAwareRequestFilter@7d685f4e, org.springframework.security.web.authentication.AnonymousAuthenticationFilter@2e426dd2, org.springframework.security.web.session.SessionManagementFilter@727dcc64, org.springframework.security.web.access.ExceptionTranslationFilter@6480a063]
2020-10-03 00:20:34.465  WARN 46781 --- [main] s.o.SpringCloudSecurityAutoConfiguration : All Spring Cloud Security modules and starters are deprecated. They will be moved to individual projects in the next major release.
2020-10-03 00:20:34.468  INFO 46781 --- [main] o.s.b.a.e.web.EndpointLinksResolver      : Exposing 2 endpoint(s) beneath base path '/actuator'
2020-10-03 00:20:34.517  INFO 46781 --- [main] o.s.b.w.embedded.tomcat.TomcatWebServer  : Tomcat started on port(s): 8090 (http) with context path ''
2020-10-03 00:20:34.522  INFO 46781 --- [main] DeferredRepositoryInitializationListener : Triggering deferred initialization of Spring Data repositories…
2020-10-03 00:20:34.554  INFO 46781 --- [main] DeferredRepositoryInitializationListener : Spring Data repositories initialized!
2020-10-03 00:20:34.570  INFO 46781 --- [main] c.fertigApp.backend.BackendApplication   : Started BackendApplication in 6.465 seconds (JVM running for 6.867)
2020-10-03 00:20:34.970  INFO 46781 --- [RMI TCP Connection(1)-127.0.0.1] o.a.c.c.C.[Tomcat].[localhost].[/]       : Initializing Spring DispatcherServlet 'dispatcherServlet'
2020-10-03 00:20:34.971  INFO 46781 --- [RMI TCP Connection(1)-127.0.0.1] o.s.web.servlet.DispatcherServlet        : Initializing Servlet 'dispatcherServlet'
2020-10-03 00:20:34.975  INFO 46781 --- [RMI TCP Connection(1)-127.0.0.1] o.s.web.servlet.DispatcherServlet        : Completed initialization in 4 ms
2020-10-03 00:21:12.189  INFO 46781 --- [SpringContextShutdownHook] j.LocalContainerEntityManagerFactoryBean : Closing JPA EntityManagerFactory for persistence unit 'default'
2020-10-03 00:21:12.190  INFO 46781 --- [SpringContextShutdownHook] o.s.s.concurrent.ThreadPoolTaskExecutor  : Shutting down ExecutorService 'applicationTaskExecutor'
2020-10-03 00:21:14.147  INFO 46943 --- [main] c.fertigApp.backend.BackendApplication   : No active profile set, falling back to default profiles: default
2020-10-03 00:21:14.755  INFO 46943 --- [main] .s.d.r.c.RepositoryConfigurationDelegate : Bootstrapping Spring Data JPA repositories in DEFERRED mode.
2020-10-03 00:21:14.806  INFO 46943 --- [main] .s.d.r.c.RepositoryConfigurationDelegate : Finished Spring Data repository scanning in 39ms. Found 5 JPA repository interfaces.
2020-10-03 00:21:14.946  INFO 46943 --- [main] o.s.cloud.context.scope.GenericScope     : BeanFactory id=1e1ff6c3-29b2-31ae-afee-a7a0c77374f4
2020-10-03 00:21:15.158  INFO 46943 --- [main] o.s.b.w.embedded.tomcat.TomcatWebServer  : Tomcat initialized with port(s): 8090 (http)
2020-10-03 00:21:15.162  INFO 46943 --- [main] o.apache.catalina.core.StandardService   : Starting service [Tomcat]
2020-10-03 00:21:15.162  INFO 46943 --- [main] org.apache.catalina.core.StandardEngine  : Starting Servlet engine: [Apache Tomcat/9.0.38]
2020-10-03 00:21:15.240  INFO 46943 --- [main] o.a.c.c.C.[Tomcat].[localhost].[/]       : Initializing Spring embedded WebApplicationContext
2020-10-03 00:21:15.241  INFO 46943 --- [main] w.s.c.ServletWebServerApplicationContext : Root WebApplicationContext: initialization completed in 1079 ms
2020-10-03 00:21:15.415  INFO 46943 --- [main] o.s.s.concurrent.ThreadPoolTaskExecutor  : Initializing ExecutorService 'applicationTaskExecutor'
2020-10-03 00:21:15.434  INFO 46943 --- [task-1] o.hibernate.jpa.internal.util.LogHelper  : HHH000204: Processing PersistenceUnitInfo [name: default]
2020-10-03 00:21:15.457  INFO 46943 --- [task-1] org.hibernate.Version                    : HHH000412: Hibernate ORM core version 5.4.21.Final
2020-10-03 00:21:15.471  WARN 46943 --- [main] JpaBaseConfiguration$JpaWebConfiguration : spring.jpa.open-in-view is enabled by default. Therefore, database queries may be performed during view rendering. Explicitly configure spring.jpa.open-in-view to disable this warning
2020-10-03 00:21:15.516  INFO 46943 --- [task-1] o.hibernate.annotations.common.Version   : HCANN000001: Hibernate Commons Annotations {5.1.0.Final}
2020-10-03 00:21:16.354  INFO 46943 --- [task-1] org.hibernate.dialect.Dialect            : HHH000400: Using dialect: org.hibernate.dialect.MySQL8Dialect
2020-10-03 00:21:18.573  INFO 46943 --- [task-1] o.h.e.t.j.p.i.JtaPlatformInitiator       : HHH000490: Using JtaPlatform implementation: [org.hibernate.engine.transaction.jta.platform.internal.NoJtaPlatform]
2020-10-03 00:21:18.577  INFO 46943 --- [task-1] j.LocalContainerEntityManagerFactoryBean : Initialized JPA EntityManagerFactory for persistence unit 'default'
2020-10-03 00:21:19.928  INFO 46943 --- [main] o.s.s.web.DefaultSecurityFilterChain     : Creating filter chain: Ant [pattern='/**', OPTIONS], []
2020-10-03 00:21:19.947  INFO 46943 --- [main] o.s.s.web.DefaultSecurityFilterChain     : Creating filter chain: OrRequestMatcher [requestMatchers=[Ant [pattern='/oauth/token'], Ant [pattern='/oauth/token_key'], Ant [pattern='/oauth/check_token']]], [org.springframework.security.web.context.request.async.WebAsyncManagerIntegrationFilter@3ba97962, org.springframework.security.web.context.SecurityContextPersistenceFilter@43423d40, org.springframework.security.web.header.HeaderWriterFilter@33430fc, org.springframework.security.web.authentication.logout.LogoutFilter@2ee456c7, org.springframework.security.web.authentication.www.BasicAuthenticationFilter@20231384, org.springframework.security.web.savedrequest.RequestCacheAwareFilter@6200b644, org.springframework.security.web.servletapi.SecurityContextHolderAwareRequestFilter@3c64339f, org.springframework.security.web.authentication.AnonymousAuthenticationFilter@35becbd4, org.springframework.security.web.session.SessionManagementFilter@3c7d8a4, org.springframework.security.web.access.ExceptionTranslationFilter@6e090aaa, org.springframework.security.web.access.intercept.FilterSecurityInterceptor@4ec0229c]
2020-10-03 00:21:19.953  INFO 46943 --- [main] o.s.s.web.DefaultSecurityFilterChain     : Creating filter chain: OrRequestMatcher [requestMatchers=[Ant [pattern='/tasks/getTasks'], Ant [pattern='/users/get']]], [org.springframework.security.web.context.request.async.WebAsyncManagerIntegrationFilter@7df3da0b, org.springframework.security.web.context.SecurityContextPersistenceFilter@fde487b, org.springframework.security.web.header.HeaderWriterFilter@4ec427, org.springframework.security.web.authentication.logout.LogoutFilter@61b8c9de, org.springframework.security.oauth2.provider.authentication.OAuth2AuthenticationProcessingFilter@7f030c72, org.springframework.security.web.savedrequest.RequestCacheAwareFilter@4cc4d454, org.springframework.security.web.servletapi.SecurityContextHolderAwareRequestFilter@3add5e17, org.springframework.security.web.authentication.AnonymousAuthenticationFilter@4e5d5ac1, org.springframework.security.web.session.SessionManagementFilter@4c8d45cf, org.springframework.security.web.access.ExceptionTranslationFilter@df9d400, org.springframework.security.web.access.intercept.FilterSecurityInterceptor@6cd7f381]
2020-10-03 00:21:19.955  INFO 46943 --- [main] o.s.s.web.DefaultSecurityFilterChain     : Creating filter chain: any request, [org.springframework.security.web.context.request.async.WebAsyncManagerIntegrationFilter@67c0c90b, org.springframework.security.web.context.SecurityContextPersistenceFilter@61eab26b, org.springframework.security.web.header.HeaderWriterFilter@288409f0, org.springframework.security.web.authentication.logout.LogoutFilter@1a0ffb9b, org.springframework.security.web.savedrequest.RequestCacheAwareFilter@19ac93d2, org.springframework.security.web.servletapi.SecurityContextHolderAwareRequestFilter@116fc29e, org.springframework.security.web.authentication.AnonymousAuthenticationFilter@8549c5f, org.springframework.security.web.session.SessionManagementFilter@7d685f4e, org.springframework.security.web.access.ExceptionTranslationFilter@49e62b17]
2020-10-03 00:21:20.285  WARN 46943 --- [main] s.o.SpringCloudSecurityAutoConfiguration : All Spring Cloud Security modules and starters are deprecated. They will be moved to individual projects in the next major release.
2020-10-03 00:21:20.288  INFO 46943 --- [main] o.s.b.a.e.web.EndpointLinksResolver      : Exposing 2 endpoint(s) beneath base path '/actuator'
2020-10-03 00:21:20.338  INFO 46943 --- [main] o.s.b.w.embedded.tomcat.TomcatWebServer  : Tomcat started on port(s): 8090 (http) with context path ''
2020-10-03 00:21:20.342  INFO 46943 --- [main] DeferredRepositoryInitializationListener : Triggering deferred initialization of Spring Data repositories…
2020-10-03 00:21:20.367  INFO 46943 --- [main] DeferredRepositoryInitializationListener : Spring Data repositories initialized!
2020-10-03 00:21:20.378  INFO 46943 --- [main] c.fertigApp.backend.BackendApplication   : Started BackendApplication in 6.649 seconds (JVM running for 7.024)
2020-10-03 00:21:20.741  INFO 46943 --- [RMI TCP Connection(3)-127.0.0.1] o.a.c.c.C.[Tomcat].[localhost].[/]       : Initializing Spring DispatcherServlet 'dispatcherServlet'
2020-10-03 00:21:20.741  INFO 46943 --- [RMI TCP Connection(3)-127.0.0.1] o.s.web.servlet.DispatcherServlet        : Initializing Servlet 'dispatcherServlet'
2020-10-03 00:21:20.745  INFO 46943 --- [RMI TCP Connection(3)-127.0.0.1] o.s.web.servlet.DispatcherServlet        : Completed initialization in 4 ms
2020-10-03 00:21:39.479  INFO 46943 --- [SpringContextShutdownHook] j.LocalContainerEntityManagerFactoryBean : Closing JPA EntityManagerFactory for persistence unit 'default'
2020-10-03 00:21:39.480  INFO 46943 --- [SpringContextShutdownHook] o.s.s.concurrent.ThreadPoolTaskExecutor  : Shutting down ExecutorService 'applicationTaskExecutor'
2020-10-03 00:26:03.185  WARN 47393 --- [main] JpaBaseConfiguration$JpaWebConfiguration : spring.jpa.open-in-view is enabled by default. Therefore, database queries may be performed during view rendering. Explicitly configure spring.jpa.open-in-view to disable this warning
2020-10-03 00:26:07.956  WARN 47393 --- [main] s.o.SpringCloudSecurityAutoConfiguration : All Spring Cloud Security modules and starters are deprecated. They will be moved to individual projects in the next major release.
